2016-05-30 15:57:37.357 INFO  {Thread-8-sentimentcalculatorbolt} [o.p.s.s.b.SentimentCalculatorBolt.logSentimentsOfStates:158] -- At Mon May 30 15:57:37 IST 2016, total # of States received in run#1: 31 
2016-05-30 15:57:37.364 INFO  {Thread-8-sentimentcalculatorbolt} [o.p.s.s.b.SentimentCalculatorBolt.logSentimentsOfStates:160] -- 
	SC ==> 13
	NM ==> 11
	PA ==> 7
	MA ==> 6
	OH ==> 5
	TX ==> 5
	AZ ==> 4
	CA ==> 4
	GA ==> 4
	WI ==> 4
	AL ==> 3
	CO ==> 3
	SD ==> 2
	NC ==> 1
	NV ==> 1
	TN ==> 1
	CT ==> 0
	DC ==> 0
	FL ==> 0
	IL ==> 0
	KS ==> 0
	KY ==> 0
	MI ==> 0
	MN ==> 0
	NJ ==> 0
	RI ==> 0
	IA ==> -2
	NY ==> -3
	MD ==> -6
	LA ==> -8
	WA ==> -11

2016-05-30 15:58:07.932 INFO  {Thread-8-sentimentcalculatorbolt} [o.p.s.s.b.SentimentCalculatorBolt.logSentimentsOfStates:158] -- At Mon May 30 15:58:07 IST 2016, total # of States received in run#2: 38 
2016-05-30 15:58:07.933 INFO  {Thread-8-sentimentcalculatorbolt} [o.p.s.s.b.SentimentCalculatorBolt.logSentimentsOfStates:160] -- 
	PA ==> 14
	SC ==> 13
	TX ==> 9
	MA ==> 7
	NM ==> 7
	NY ==> 7
	OH ==> 6
	OK ==> 6
	VA ==> 6
	IL ==> 5
	GA ==> 4
	MO ==> 4
	TN ==> 4
	WI ==> 4
	CO ==> 3
	MN ==> 3
	SD ==> 2
	UT ==> 2
	CT ==> 1
	FL ==> 1
	KY ==> 1
	NJ ==> 1
	NV ==> 1
	DC ==> 0
	IN ==> 0
	KS ==> 0
	MI ==> 0
	OR ==> 0
	RI ==> 0
	VT ==> 0
	AZ ==> -1
	IA ==> -2
	NC ==> -2
	MD ==> -3
	CA ==> -7
	LA ==> -8
	AL ==> -9
	WA ==> -16

2016-05-30 15:59:25.660 INFO  {Thread-8-sentimentcalculatorbolt} [o.p.s.s.b.SentimentCalculatorBolt.logSentimentsOfStates:158] -- At Mon May 30 15:59:25 IST 2016, total # of States received in run#1: 28 
2016-05-30 15:59:25.668 INFO  {Thread-8-sentimentcalculatorbolt} [o.p.s.s.b.SentimentCalculatorBolt.logSentimentsOfStates:160] -- 
	PA ==> 17
	TX ==> 14
	IN ==> 8
	MI ==> 7
	CA ==> 6
	VA ==> 4
	AL ==> 3
	CT ==> 3
	MN ==> 3
	OR ==> 3
	DC ==> 2
	KY ==> 2
	NC ==> 2
	WA ==> 2
	CO ==> 1
	NY ==> 1
	OH ==> 1
	ME ==> 0
	MO ==> 0
	NJ ==> 0
	LA ==> -1
	NE ==> -2
	SC ==> -2
	IL ==> -4
	AZ ==> -5
	NH ==> -5
	NV ==> -6
	FL ==> -9

2016-05-30 15:59:55.761 INFO  {Thread-8-sentimentcalculatorbolt} [o.p.s.s.b.SentimentCalculatorBolt.logSentimentsOfStates:158] -- At Mon May 30 15:59:55 IST 2016, total # of States received in run#2: 39 
2016-05-30 15:59:55.762 INFO  {Thread-8-sentimentcalculatorbolt} [o.p.s.s.b.SentimentCalculatorBolt.logSentimentsOfStates:160] -- 
	PA ==> 19
	AL ==> 9
	IN ==> 8
	KY ==> 8
	MD ==> 8
	TX ==> 8
	MA ==> 5
	CA ==> 4
	IA ==> 4
	MI ==> 4
	MN ==> 3
	OH ==> 3
	OR ==> 3
	VA ==> 3
	CT ==> 2
	DC ==> 2
	NC ==> 2
	AR ==> 0
	ME ==> 0
	MO ==> 0
	MS ==> 0
	NJ ==> 0
	NM ==> 0
	OK ==> 0
	RI ==> 0
	TN ==> 0
	WI ==> 0
	WV ==> 0
	CO ==> -1
	IL ==> -1
	LA ==> -1
	NV ==> -1
	NE ==> -2
	SC ==> -2
	FL ==> -3
	WA ==> -4
	NH ==> -5
	NY ==> -5
	AZ ==> -7

2016-05-30 16:00:25.850 INFO  {Thread-8-sentimentcalculatorbolt} [o.p.s.s.b.SentimentCalculatorBolt.logSentimentsOfStates:158] -- At Mon May 30 16:00:25 IST 2016, total # of States received in run#3: 43 
2016-05-30 16:00:25.851 INFO  {Thread-8-sentimentcalculatorbolt} [o.p.s.s.b.SentimentCalculatorBolt.logSentimentsOfStates:160] -- 
	PA ==> 32
	CA ==> 13
	DC ==> 11
	MD ==> 9
	KY ==> 8
	CT ==> 6
	IA ==> 6
	IN ==> 6
	IL ==> 5
	MA ==> 5
	AL ==> 4
	NC ==> 4
	MN ==> 3
	NM ==> 3
	WI ==> 3
	LA ==> 2
	VT ==> 2
	OH ==> 1
	AR ==> 0
	GA ==> 0
	KS ==> 0
	ME ==> 0
	MI ==> 0
	MO ==> 0
	OR ==> 0
	RI ==> 0
	TN ==> 0
	UT ==> 0
	WV ==> 0
	NV ==> -1
	VA ==> -1
	CO ==> -2
	MS ==> -2
	NE ==> -2
	OK ==> -2
	TX ==> -2
	FL ==> -3
	WA ==> -3
	NH ==> -5
	NJ ==> -5
	NY ==> -5
	AZ ==> -6
	SC ==> -8

2016-05-30 16:00:55.938 INFO  {Thread-8-sentimentcalculatorbolt} [o.p.s.s.b.SentimentCalculatorBolt.logSentimentsOfStates:158] -- At Mon May 30 16:00:55 IST 2016, total # of States received in run#4: 43 
2016-05-30 16:00:55.939 INFO  {Thread-8-sentimentcalculatorbolt} [o.p.s.s.b.SentimentCalculatorBolt.logSentimentsOfStates:160] -- 
	PA ==> 39
	KY ==> 11
	NC ==> 10
	CT ==> 8
	DC ==> 8
	WI ==> 8
	CA ==> 7
	MI ==> 7
	IN ==> 6
	MD ==> 6
	MA ==> 5
	IL ==> 4
	IA ==> 3
	MN ==> 3
	NM ==> 3
	OR ==> 3
	ME ==> 2
	VA ==> 2
	VT ==> 2
	LA ==> 1
	OH ==> 1
	AR ==> 0
	GA ==> 0
	KS ==> 0
	MO ==> 0
	NV ==> 0
	UT ==> 0
	WV ==> 0
	NY ==> -1
	TX ==> -1
	AL ==> -2
	CO ==> -2
	MS ==> -2
	NE ==> -2
	OK ==> -2
	SC ==> -2
	WA ==> -3
	NJ ==> -4
	NH ==> -5
	RI ==> -5
	FL ==> -6
	AZ ==> -10
	TN ==> -10

2016-05-30 16:01:26.029 INFO  {Thread-8-sentimentcalculatorbolt} [o.p.s.s.b.SentimentCalculatorBolt.logSentimentsOfStates:158] -- At Mon May 30 16:01:26 IST 2016, total # of States received in run#5: 43 
2016-05-30 16:01:26.030 INFO  {Thread-8-sentimentcalculatorbolt} [o.p.s.s.b.SentimentCalculatorBolt.logSentimentsOfStates:160] -- 
	PA ==> 39
	WI ==> 20
	NC ==> 16
	IL ==> 15
	CA ==> 14
	KY ==> 11
	MD ==> 9
	CT ==> 8
	DC ==> 8
	TX ==> 8
	MI ==> 7
	NY ==> 7
	IA ==> 6
	MN ==> 6
	IN ==> 5
	NV ==> 5
	SC ==> 4
	NM ==> 3
	VA ==> 3
	GA ==> 2
	ME ==> 2
	VT ==> 2
	CO ==> 1
	OH ==> 1
	AR ==> 0
	FL ==> 0
	KS ==> 0
	LA ==> 0
	MA ==> 0
	MO ==> 0
	UT ==> 0
	WV ==> 0
	AZ ==> -2
	MS ==> -2
	NE ==> -2
	OK ==> -2
	NH ==> -4
	NJ ==> -4
	OR ==> -5
	RI ==> -5
	TN ==> -9
	AL ==> -11
	WA ==> -17

2016-05-30 16:01:56.121 INFO  {Thread-8-sentimentcalculatorbolt} [o.p.s.s.b.SentimentCalculatorBolt.logSentimentsOfStates:158] -- At Mon May 30 16:01:56 IST 2016, total # of States received in run#6: 43 
2016-05-30 16:01:56.122 INFO  {Thread-8-sentimentcalculatorbolt} [o.p.s.s.b.SentimentCalculatorBolt.logSentimentsOfStates:160] -- 
	PA ==> 39
	FL ==> 25
	NC ==> 21
	WI ==> 21
	IL ==> 14
	DC ==> 11
	IN ==> 11
	CA ==> 10
	KY ==> 10
	SC ==> 10
	NV ==> 9
	MI ==> 7
	AZ ==> 6
	IA ==> 6
	MD ==> 6
	MN ==> 6
	NY ==> 6
	CT ==> 5
	TX ==> 5
	NM ==> 4
	OH ==> 4
	NJ ==> 3
	VA ==> 3
	GA ==> 2
	ME ==> 2
	VT ==> 2
	AR ==> 0
	KS ==> 0
	MA ==> 0
	MO ==> 0
	TN ==> 0
	UT ==> 0
	WV ==> 0
	CO ==> -2
	MS ==> -2
	NE ==> -2
	OK ==> -2
	LA ==> -3
	OR ==> -4
	RI ==> -5
	NH ==> -7
	AL ==> -11
	WA ==> -17

2016-05-30 16:02:26.712 INFO  {Thread-8-sentimentcalculatorbolt} [o.p.s.s.b.SentimentCalculatorBolt.logSentimentsOfStates:158] -- At Mon May 30 16:02:26 IST 2016, total # of States received in run#7: 43 
2016-05-30 16:02:26.714 INFO  {Thread-8-sentimentcalculatorbolt} [o.p.s.s.b.SentimentCalculatorBolt.logSentimentsOfStates:160] -- 
	PA ==> 35
	FL ==> 28
	CA ==> 23
	NC ==> 22
	WI ==> 21
	TX ==> 19
	AZ ==> 16
	IL ==> 13
	CT ==> 11
	DC ==> 11
	IN ==> 11
	NY ==> 10
	SC ==> 10
	IA ==> 9
	KY ==> 8
	MD ==> 8
	MI ==> 8
	MN ==> 6
	NV ==> 6
	NJ ==> 3
	VA ==> 3
	GA ==> 2
	ME ==> 2
	MO ==> 2
	NM ==> 2
	OH ==> 2
	AR ==> 0
	KS ==> 0
	LA ==> 0
	MA ==> 0
	OK ==> 0
	TN ==> 0
	UT ==> 0
	VT ==> 0
	WV ==> 0
	CO ==> -2
	MS ==> -2
	NE ==> -2
	OR ==> -4
	RI ==> -5
	NH ==> -7
	AL ==> -14
	WA ==> -19

2016-05-30 16:02:56.800 INFO  {Thread-8-sentimentcalculatorbolt} [o.p.s.s.b.SentimentCalculatorBolt.logSentimentsOfStates:158] -- At Mon May 30 16:02:56 IST 2016, total # of States received in run#8: 43 
2016-05-30 16:02:56.801 INFO  {Thread-8-sentimentcalculatorbolt} [o.p.s.s.b.SentimentCalculatorBolt.logSentimentsOfStates:160] -- 
	PA ==> 45
	CA ==> 34
	FL ==> 31
	NC ==> 22
	WI ==> 21
	AZ ==> 20
	TX ==> 18
	IL ==> 12
	SC ==> 12
	CT ==> 11
	DC ==> 11
	IN ==> 11
	IA ==> 9
	MN ==> 9
	NY ==> 9
	KY ==> 8
	MD ==> 6
	MO ==> 6
	OH ==> 6
	MI ==> 5
	NJ ==> 4
	OK ==> 4
	AR ==> 3
	VA ==> 3
	GA ==> 2
	ME ==> 2
	NM ==> 2
	NV ==> 2
	MA ==> 1
	KS ==> 0
	UT ==> 0
	VT ==> 0
	WV ==> 0
	MS ==> -2
	NE ==> -2
	TN ==> -3
	LA ==> -4
	OR ==> -4
	RI ==> -5
	CO ==> -6
	NH ==> -8
	AL ==> -13
	WA ==> -22

2016-05-30 16:03:26.887 INFO  {Thread-8-sentimentcalculatorbolt} [o.p.s.s.b.SentimentCalculatorBolt.logSentimentsOfStates:158] -- At Mon May 30 16:03:26 IST 2016, total # of States received in run#9: 43 
2016-05-30 16:03:26.888 INFO  {Thread-8-sentimentcalculatorbolt} [o.p.s.s.b.SentimentCalculatorBolt.logSentimentsOfStates:160] -- 
	CA ==> 57
	PA ==> 45
	FL ==> 33
	NC ==> 28
	IL ==> 24
	AZ ==> 20
	WI ==> 19
	CT ==> 13
	IN ==> 13
	SC ==> 13
	DC ==> 11
	IA ==> 11
	NY ==> 11
	MN ==> 9
	KY ==> 8
	MD ==> 8
	MI ==> 8
	NJ ==> 7
	OH ==> 6
	OK ==> 4
	AR ==> 3
	MO ==> 3
	UT ==> 3
	VA ==> 3
	GA ==> 2
	MA ==> 2
	ME ==> 2
	NM ==> 2
	TX ==> 2
	LA ==> 1
	MS ==> 1
	KS ==> 0
	VT ==> 0
	WV ==> 0
	NV ==> -1
	NE ==> -2
	TN ==> -2
	CO ==> -3
	OR ==> -4
	NH ==> -5
	RI ==> -5
	AL ==> -11
	WA ==> -21

2016-05-30 16:03:56.976 INFO  {Thread-8-sentimentcalculatorbolt} [o.p.s.s.b.SentimentCalculatorBolt.logSentimentsOfStates:158] -- At Mon May 30 16:03:56 IST 2016, total # of States received in run#10: 44 
2016-05-30 16:03:56.976 INFO  {Thread-8-sentimentcalculatorbolt} [o.p.s.s.b.SentimentCalculatorBolt.logSentimentsOfStates:160] -- 
	CA ==> 75
	PA ==> 50
	NC ==> 25
	IL ==> 23
	AZ ==> 20
	FL ==> 20
	WI ==> 19
	KY ==> 17
	MN ==> 14
	CT ==> 13
	SC ==> 13
	NY ==> 12
	DC ==> 11
	IA ==> 11
	OH ==> 11
	IN ==> 10
	MD ==> 8
	MI ==> 8
	NM ==> 8
	TX ==> 6
	VA ==> 6
	LA ==> 4
	MO ==> 4
	OK ==> 4
	AR ==> 3
	NJ ==> 3
	MA ==> 2
	ME ==> 2
	UT ==> 2
	GA ==> 1
	MS ==> 1
	ID ==> 0
	KS ==> 0
	VT ==> 0
	WV ==> 0
	NE ==> -2
	TN ==> -2
	CO ==> -3
	NV ==> -3
	OR ==> -4
	NH ==> -5
	RI ==> -5
	AL ==> -10
	WA ==> -20

2016-05-30 16:04:27.063 INFO  {Thread-8-sentimentcalculatorbolt} [o.p.s.s.b.SentimentCalculatorBolt.logSentimentsOfStates:158] -- At Mon May 30 16:04:27 IST 2016, total # of States received in run#11: 44 
2016-05-30 16:04:27.064 INFO  {Thread-8-sentimentcalculatorbolt} [o.p.s.s.b.SentimentCalculatorBolt.logSentimentsOfStates:160] -- 
	CA ==> 88
	PA ==> 50
	IL ==> 25
	NC ==> 25
	AZ ==> 21
	FL ==> 18
	WI ==> 18
	KY ==> 17
	MN ==> 14
	CT ==> 13
	NY ==> 13
	SC ==> 13
	MI ==> 9
	TX ==> 9
	VA ==> 9
	NM ==> 8
	DC ==> 7
	IA ==> 7
	LA ==> 7
	MD ==> 7
	OH ==> 7
	IN ==> 5
	MA ==> 5
	AR ==> 4
	MO ==> 4
	MS ==> 4
	OK ==> 4
	VT ==> 4
	ME ==> 2
	UT ==> 2
	NV ==> 1
	ID ==> 0
	KS ==> 0
	WV ==> 0
	NE ==> -2
	TN ==> -2
	CO ==> -3
	GA ==> -3
	NJ ==> -4
	NH ==> -5
	RI ==> -5
	AL ==> -10
	WA ==> -20
	OR ==> -21

2016-05-30 16:04:57.151 INFO  {Thread-8-sentimentcalculatorbolt} [o.p.s.s.b.SentimentCalculatorBolt.logSentimentsOfStates:158] -- At Mon May 30 16:04:57 IST 2016, total # of States received in run#12: 44 
2016-05-30 16:04:57.152 INFO  {Thread-8-sentimentcalculatorbolt} [o.p.s.s.b.SentimentCalculatorBolt.logSentimentsOfStates:160] -- 
	CA ==> 87
	PA ==> 50
	AZ ==> 29
	IL ==> 25
	NC ==> 24
	FL ==> 20
	KY ==> 20
	MN ==> 20
	WI ==> 18
	CT ==> 15
	SC ==> 13
	VA ==> 12
	NV ==> 10
	NY ==> 10
	MI ==> 9
	MA ==> 8
	NM ==> 8
	TX ==> 8
	DC ==> 7
	LA ==> 7
	MD ==> 7
	OH ==> 6
	IN ==> 5
	AR ==> 4
	IA ==> 4
	MO ==> 4
	MS ==> 4
	OK ==> 4
	VT ==> 4
	ME ==> 2
	UT ==> 2
	ID ==> 0
	KS ==> 0
	WV ==> 0
	NE ==> -2
	TN ==> -2
	GA ==> -4
	NJ ==> -4
	NH ==> -5
	RI ==> -5
	AL ==> -7
	CO ==> -12
	WA ==> -16
	OR ==> -21

2016-05-30 16:05:27.494 INFO  {Thread-8-sentimentcalculatorbolt} [o.p.s.s.b.SentimentCalculatorBolt.logSentimentsOfStates:158] -- At Mon May 30 16:05:27 IST 2016, total # of States received in run#13: 44 
2016-05-30 16:05:27.495 INFO  {Thread-8-sentimentcalculatorbolt} [o.p.s.s.b.SentimentCalculatorBolt.logSentimentsOfStates:160] -- 
	CA ==> 93
	PA ==> 49
	AZ ==> 34
	NC ==> 24
	FL ==> 23
	IL ==> 21
	KY ==> 21
	MN ==> 20
	WI ==> 18
	VA ==> 17
	CT ==> 15
	TX ==> 14
	SC ==> 13
	LA ==> 12
	IN ==> 10
	MD ==> 10
	MI ==> 9
	MA ==> 8
	NM ==> 8
	NV ==> 8
	MO ==> 7
	IA ==> 6
	AR ==> 4
	DC ==> 4
	MS ==> 4
	OK ==> 4
	VT ==> 4
	ME ==> 2
	UT ==> 2
	GA ==> 1
	ID ==> 0
	KS ==> 0
	OH ==> 0
	WV ==> 0
	NY ==> -1
	NE ==> -2
	TN ==> -2
	AL ==> -4
	NJ ==> -4
	NH ==> -5
	RI ==> -5
	CO ==> -12
	WA ==> -16
	OR ==> -26

2016-05-30 16:05:57.829 INFO  {Thread-8-sentimentcalculatorbolt} [o.p.s.s.b.SentimentCalculatorBolt.logSentimentsOfStates:158] -- At Mon May 30 16:05:57 IST 2016, total # of States received in run#14: 44 
2016-05-30 16:05:57.830 INFO  {Thread-8-sentimentcalculatorbolt} [o.p.s.s.b.SentimentCalculatorBolt.logSentimentsOfStates:160] -- 
	CA ==> 115
	PA ==> 49
	AZ ==> 41
	TX ==> 29
	NC ==> 25
	IL ==> 21
	KY ==> 21
	VA ==> 21
	MN ==> 18
	WI ==> 18
	FL ==> 16
	CT ==> 15
	LA ==> 14
	MA ==> 13
	SC ==> 13
	NM ==> 11
	MO ==> 10
	MD ==> 9
	MI ==> 9
	IN ==> 8
	NV ==> 8
	IA ==> 6
	MS ==> 6
	AR ==> 4
	OK ==> 4
	VT ==> 4
	DC ==> 3
	OH ==> 3
	ME ==> 2
	UT ==> 2
	GA ==> 1
	TN ==> 1
	ID ==> 0
	KS ==> 0
	NY ==> 0
	WV ==> 0
	NE ==> -2
	NJ ==> -3
	NH ==> -5
	RI ==> -5
	AL ==> -10
	CO ==> -12
	WA ==> -14
	OR ==> -25

2016-05-30 16:06:27.917 INFO  {Thread-8-sentimentcalculatorbolt} [o.p.s.s.b.SentimentCalculatorBolt.logSentimentsOfStates:158] -- At Mon May 30 16:06:27 IST 2016, total # of States received in run#15: 44 
2016-05-30 16:06:27.918 INFO  {Thread-8-sentimentcalculatorbolt} [o.p.s.s.b.SentimentCalculatorBolt.logSentimentsOfStates:160] -- 
	CA ==> 129
	PA ==> 55
	TX ==> 38
	IL ==> 33
	VA ==> 29
	NC ==> 28
	AZ ==> 26
	KY ==> 22
	FL ==> 20
	MN ==> 18
	WI ==> 18
	CT ==> 15
	LA ==> 14
	MO ==> 12
	OH ==> 12
	MA ==> 11
	NM ==> 11
	SC ==> 11
	NV ==> 9
	IN ==> 8
	IA ==> 6
	MS ==> 6
	DC ==> 5
	AR ==> 4
	KS ==> 4
	MI ==> 4
	OK ==> 4
	VT ==> 4
	TN ==> 3
	ME ==> 2
	NY ==> 2
	UT ==> 2
	GA ==> 1
	ID ==> 0
	WV ==> 0
	MD ==> -1
	NE ==> -2
	NH ==> -5
	RI ==> -5
	NJ ==> -8
	CO ==> -11
	AL ==> -15
	WA ==> -17
	OR ==> -21

2016-05-30 16:06:58.004 INFO  {Thread-8-sentimentcalculatorbolt} [o.p.s.s.b.SentimentCalculatorBolt.logSentimentsOfStates:158] -- At Mon May 30 16:06:58 IST 2016, total # of States received in run#16: 44 
2016-05-30 16:06:58.005 INFO  {Thread-8-sentimentcalculatorbolt} [o.p.s.s.b.SentimentCalculatorBolt.logSentimentsOfStates:160] -- 
	CA ==> 138
	PA ==> 60
	VA ==> 39
	TX ==> 35
	IL ==> 33
	NC ==> 32
	AZ ==> 27
	FL ==> 23
	KY ==> 19
	MA ==> 18
	WI ==> 18
	MN ==> 17
	CT ==> 15
	OH ==> 15
	IN ==> 12
	MO ==> 12
	NM ==> 11
	SC ==> 11
	LA ==> 10
	IA ==> 9
	NV ==> 9
	MI ==> 8
	TN ==> 8
	MS ==> 6
	AR ==> 4
	DC ==> 4
	KS ==> 4
	OK ==> 4
	VT ==> 4
	NY ==> 3
	ME ==> 2
	UT ==> 2
	GA ==> 1
	ID ==> 0
	WV ==> 0
	MD ==> -1
	NE ==> -3
	RI ==> -5
	NJ ==> -8
	CO ==> -11
	AL ==> -13
	NH ==> -13
	WA ==> -17
	OR ==> -19

2016-05-30 16:07:28.093 INFO  {Thread-8-sentimentcalculatorbolt} [o.p.s.s.b.SentimentCalculatorBolt.logSentimentsOfStates:158] -- At Mon May 30 16:07:28 IST 2016, total # of States received in run#17: 44 
2016-05-30 16:07:28.094 INFO  {Thread-8-sentimentcalculatorbolt} [o.p.s.s.b.SentimentCalculatorBolt.logSentimentsOfStates:160] -- 
	CA ==> 137
	PA ==> 61
	VA ==> 41
	IL ==> 36
	NC ==> 34
	OH ==> 30
	TX ==> 30
	FL ==> 29
	AZ ==> 27
	KY ==> 19
	MA ==> 18
	WI ==> 18
	CT ==> 17
	MN ==> 17
	SC ==> 15
	MI ==> 13
	NV ==> 13
	MO ==> 12
	LA ==> 11
	NM ==> 11
	TN ==> 10
	DC ==> 9
	IA ==> 9
	AR ==> 4
	KS ==> 4
	OK ==> 4
	VT ==> 4
	IN ==> 2
	UT ==> 2
	NY ==> 1
	ID ==> 0
	ME ==> 0
	WV ==> 0
	GA ==> -1
	MD ==> -1
	NJ ==> -2
	NE ==> -3
	MS ==> -4
	AL ==> -6
	RI ==> -9
	CO ==> -11
	WA ==> -11
	NH ==> -13
	OR ==> -20

2016-05-30 16:07:59.182 INFO  {Thread-8-sentimentcalculatorbolt} [o.p.s.s.b.SentimentCalculatorBolt.logSentimentsOfStates:158] -- At Mon May 30 16:07:59 IST 2016, total # of States received in run#18: 45 
2016-05-30 16:07:59.183 INFO  {Thread-8-sentimentcalculatorbolt} [o.p.s.s.b.SentimentCalculatorBolt.logSentimentsOfStates:160] -- 
	CA ==> 135
	PA ==> 68
	VA ==> 41
	NC ==> 37
	AZ ==> 36
	IL ==> 36
	OH ==> 35
	FL ==> 32
	CT ==> 21
	KY ==> 20
	MA ==> 19
	WI ==> 18
	MN ==> 17
	IN ==> 15
	SC ==> 15
	MI ==> 13
	NV ==> 13
	LA ==> 11
	NM ==> 11
	MO ==> 10
	TN ==> 10
	DC ==> 9
	IA ==> 9
	TX ==> 8
	MD ==> 5
	AR ==> 4
	OK ==> 4
	VT ==> 4
	KS ==> 3
	UT ==> 2
	SD ==> 1
	ID ==> 0
	ME ==> 0
	WV ==> 0
	NJ ==> -2
	NE ==> -3
	MS ==> -4
	CO ==> -5
	GA ==> -7
	AL ==> -9
	RI ==> -9
	NH ==> -11
	WA ==> -18
	NY ==> -20
	OR ==> -23

2016-05-30 16:08:29.269 INFO  {Thread-8-sentimentcalculatorbolt} [o.p.s.s.b.SentimentCalculatorBolt.logSentimentsOfStates:158] -- At Mon May 30 16:08:29 IST 2016, total # of States received in run#19: 45 
2016-05-30 16:08:29.270 INFO  {Thread-8-sentimentcalculatorbolt} [o.p.s.s.b.SentimentCalculatorBolt.logSentimentsOfStates:160] -- 
	CA ==> 140
	PA ==> 68
	AZ ==> 42
	VA ==> 41
	IL ==> 39
	NC ==> 39
	DC ==> 35
	OH ==> 35
	MA ==> 25
	CT ==> 21
	KY ==> 20
	MN ==> 20
	FL ==> 19
	IA ==> 19
	SC ==> 19
	WI ==> 18
	IN ==> 15
	NV ==> 14
	MI ==> 12
	NM ==> 11
	MO ==> 10
	OK ==> 10
	TN ==> 10
	NJ ==> 8
	LA ==> 7
	MD ==> 7
	VT ==> 5
	AR ==> 4
	KS ==> 3
	UT ==> 2
	SD ==> 1
	ID ==> 0
	ME ==> 0
	TX ==> 0
	WV ==> 0
	NE ==> -3
	GA ==> -7
	RI ==> -7
	MS ==> -8
	CO ==> -9
	NH ==> -10
	AL ==> -15
	WA ==> -15
	NY ==> -23
	OR ==> -23

2016-05-30 16:08:53.054 INFO  {main} [o.p.s.s.t.SentimentAnalysisTopology.main:51] -- Shutting down the cluster...
2016-05-30 16:08:53.524 INFO  {main} [o.p.s.s.t.SentimentAnalysisTopology.main:71] -- 


		*****Please clean your temp folder "/tmp" now!!!*****
2016-05-30 16:08:54.002 INFO  {Thread-22} [o.p.s.s.t.SentimentAnalysisTopology$1.run:58] -- Shutting down the cluster...
2016-05-30 16:08:54.011 ERROR {Thread-22} [o.a.s.z.s.NIOServerCnxnFactory$1.uncaughtException:44] -- Thread Thread[Thread-22,5,main] died
java.lang.IllegalStateException: instance must be started before calling this method
	at org.apache.storm.guava.base.Preconditions.checkState(Preconditions.java:176) ~[storm-core-0.9.3.jar:0.9.3]
	at org.apache.storm.curator.framework.imps.CuratorFrameworkImpl.getChildren(CuratorFrameworkImpl.java:390) ~[storm-core-0.9.3.jar:0.9.3]
	at backtype.storm.zookeeper$get_children.invoke(zookeeper.clj:166) ~[storm-core-0.9.3.jar:0.9.3]
	at backtype.storm.cluster$mk_distributed_cluster_state$reify__1915.get_children(cluster.clj:115) ~[storm-core-0.9.3.jar:0.9.3]
	at backtype.storm.cluster$mk_storm_cluster_state$reify__2372.active_storms(cluster.clj:291) ~[storm-core-0.9.3.jar:0.9.3]
	at sun.reflect.GeneratedMethodAccessor44.invoke(Unknown Source) ~[na:na]
	at sun.reflect.DelegatingMethodAccessorImpl.invoke(DelegatingMethodAccessorImpl.java:43) ~[na:1.8.0_91]
	at java.lang.reflect.Method.invoke(Method.java:498) ~[na:1.8.0_91]
	at clojure.lang.Reflector.invokeMatchingMethod(Reflector.java:93) ~[clojure-1.5.1.jar:na]
	at clojure.lang.Reflector.invokeNoArgInstanceMember(Reflector.java:298) ~[clojure-1.5.1.jar:na]
	at backtype.storm.daemon.common$get_storm_id.invoke(common.clj:80) ~[storm-core-0.9.3.jar:0.9.3]
	at backtype.storm.daemon.nimbus$storm_active_QMARK_.invoke(nimbus.clj:739) ~[storm-core-0.9.3.jar:0.9.3]
	at backtype.storm.daemon.nimbus$check_storm_active_BANG_.invoke(nimbus.clj:743) ~[storm-core-0.9.3.jar:0.9.3]
	at backtype.storm.daemon.nimbus$fn__5043$exec_fn__1108__auto__$reify__5056.killTopologyWithOpts(nimbus.clj:972) ~[storm-core-0.9.3.jar:0.9.3]
	at backtype.storm.daemon.nimbus$fn__5043$exec_fn__1108__auto__$reify__5056.killTopology(nimbus.clj:969) ~[storm-core-0.9.3.jar:0.9.3]
	at sun.reflect.NativeMethodAccessorImpl.invoke0(Native Method) ~[na:1.8.0_91]
	at sun.reflect.NativeMethodAccessorImpl.invoke(NativeMethodAccessorImpl.java:62) ~[na:1.8.0_91]
	at sun.reflect.DelegatingMethodAccessorImpl.invoke(DelegatingMethodAccessorImpl.java:43) ~[na:1.8.0_91]
	at java.lang.reflect.Method.invoke(Method.java:498) ~[na:1.8.0_91]
	at clojure.lang.Reflector.invokeMatchingMethod(Reflector.java:93) ~[clojure-1.5.1.jar:na]
	at clojure.lang.Reflector.invokeInstanceMethod(Reflector.java:28) ~[clojure-1.5.1.jar:na]
	at backtype.storm.LocalCluster$_killTopology.invoke(LocalCluster.clj:56) ~[storm-core-0.9.3.jar:0.9.3]
	at backtype.storm.LocalCluster.killTopology(Unknown Source) ~[storm-core-0.9.3.jar:0.9.3]
	at org.p7h.storm.sentimentanalysis.topology.SentimentAnalysisTopology$1.run(SentimentAnalysisTopology.java:59) ~[classes/:na]
2016-05-30 16:17:05.831 INFO  {Thread-8-sentimentcalculatorbolt} [o.v.s.s.b.SentimentCalculatorBolt.logSentimentsOfStates:149] -- At Mon May 30 16:17:05 IST 2016, total # of States received in run#1: 33 
2016-05-30 16:17:05.842 INFO  {Thread-8-sentimentcalculatorbolt} [o.v.s.s.b.SentimentCalculatorBolt.logSentimentsOfStates:151] -- 
	NY ==> 14
	CA ==> 11
	VA ==> 10
	CO ==> 7
	NV ==> 5
	OH ==> 5
	LA ==> 4
	MN ==> 4
	IA ==> 3
	ME ==> 3
	RI ==> 3
	UT ==> 3
	CT ==> 2
	GA ==> 2
	IL ==> 1
	AL ==> 0
	AZ ==> 0
	IN ==> 0
	MD ==> 0
	MO ==> 0
	NC ==> 0
	NE ==> 0
	OK ==> 0
	OR ==> 0
	PA ==> 0
	SC ==> 0
	TX ==> -1
	MA ==> -2
	DC ==> -3
	FL ==> -3
	WA ==> -3
	TN ==> -7
	MS ==> -18

